03/29/2020 07:34:43 PM Data handling
2020-03-29 20:01:10,749 - __main__ - INFO - ads
2020-03-29 20:01:58,510 - __main__ - INFO - test
2020-03-29 20:03:43,348 - __main__ - INFO - test
2020-03-29 20:03:43,348 - __main__ - INFO - Data handling
2020-03-29 20:15:34,093 - pipeline - INFO - test
2020-03-29 20:15:34,093 - pipeline.run - INFO - Data handling
2020-03-29 20:15:47,526 - pipeline - INFO - test
2020-03-29 20:15:47,526 - pipeline.run - INFO - Data handling
2020-03-29 21:05:29,480 - pipeline - INFO - test
2020-03-29 21:05:29,480 - pipeline.run - INFO - Data handling
2020-03-29 21:05:29,480 - pipeline.run - INFO - Loading prepared data
2020-03-29 21:05:29,696 - pipeline.run - INFO - Fit models
2020-03-29 21:05:33,322 - pipeline.run - INFO - Decision Tree | Score: 0.40725513905683186
2020-03-29 21:08:16,455 - pipeline - INFO - test
2020-03-29 21:08:16,455 - pipeline.run - INFO - Data handling
2020-03-29 21:08:16,455 - pipeline.run - INFO - Loading prepared data
2020-03-29 21:08:16,607 - pipeline.run.features - INFO - Loaded prepared train data
2020-03-29 21:08:16,607 - pipeline.run.features - INFO - The loaded train data has a different len than                  given in the config. train len is {len(self.df_train)}
2020-03-29 21:08:16,631 - pipeline.run - INFO - Fit models
2020-03-29 21:08:20,133 - pipeline.run - INFO - Decision Tree | Score: 0.40725513905683186
2020-03-29 21:08:36,902 - pipeline.run - INFO - Random Forest | Score: 0.47267230955259976
2020-03-29 21:10:48,119 - pipeline - INFO - test
2020-03-29 21:10:48,119 - pipeline.run - INFO - Data handling
2020-03-29 21:10:48,119 - pipeline.run - INFO - Loading prepared data
2020-03-29 21:10:48,277 - pipeline.run.features - INFO - Loaded prepared train data
2020-03-29 21:10:48,277 - pipeline.run.features - INFO - The loaded train data has a different len than                  given in the config. train len is {len(self.df_train)}
2020-03-29 21:10:48,298 - pipeline.run - INFO - Fit models
2020-03-29 21:10:51,938 - pipeline.run - INFO - Decision Tree | Score: 0.40725513905683186
2020-03-29 21:11:08,202 - pipeline.run - INFO - Random Forest | Score: 0.47267230955259976
2020-03-29 21:12:03,183 - pipeline.run - INFO - NeuralNetwork | Score: 0.04062877871825877
2020-03-29 21:12:03,183 - pipeline.run - INFO - Perform grid search
2020-03-29 21:13:43,520 - pipeline - INFO - test
2020-03-29 21:13:43,521 - pipeline.run - INFO - Data handling
2020-03-29 21:13:43,521 - pipeline.run - INFO - Loading prepared data
2020-03-29 21:13:43,685 - pipeline.run.features - INFO - Loaded prepared train data
2020-03-29 21:13:43,685 - pipeline.run.features - INFO - The loaded train data has a different len than                  given in the config. train len is {len(self.df_train)}
2020-03-29 21:13:43,709 - pipeline.run - INFO - Fit models
2020-03-29 21:13:47,223 - pipeline.run - INFO - Decision Tree | Score: 0.40725513905683186
2020-03-29 21:14:04,215 - pipeline.run - INFO - Random Forest | Score: 0.47267230955259976
2020-03-29 21:14:46,885 - pipeline.run - INFO - NeuralNetwork | Score: 0.039419588875453444
2020-03-29 21:14:46,885 - pipeline.run - INFO - Perform grid search
2020-03-29 21:15:48,333 - pipeline - INFO - test
2020-03-29 21:15:48,333 - pipeline.run - INFO - Data handling
2020-03-29 21:15:48,334 - pipeline.run - INFO - Loading prepared data
2020-03-29 21:15:48,568 - pipeline.run.features - INFO - Loaded prepared train data
2020-03-29 21:15:48,568 - pipeline.run.features - INFO - The loaded train data has a different len than                  given in the config. train len is {len(self.df_train)}
2020-03-29 21:15:48,593 - pipeline.run - INFO - Fit models
2020-03-29 21:15:52,510 - pipeline.run - INFO - Decision Tree | Score: 0.40725513905683186
2020-03-29 21:16:12,304 - pipeline.run - INFO - Random Forest | Score: 0.47267230955259976
2020-03-29 21:16:55,751 - pipeline.run - INFO - NeuralNetwork | Score: 0.039298669891172915
2020-03-29 21:16:55,751 - pipeline.run - INFO - Perform grid search
2020-03-29 21:17:17,097 - pipeline.run.grid_search - INFO - {'criterion': 'gini', 'max_depth': 10, 'min_samples_split': 2} | 0.15465538089480046
2020-03-29 21:17:17,097 - pipeline.run.grid_search - INFO - {'criterion': 'gini', 'max_depth': 10, 'min_samples_split': 6} | 0.15453446191051995
2020-03-29 21:17:17,097 - pipeline.run.grid_search - INFO - {'criterion': 'gini', 'max_depth': 100, 'min_samples_split': 2} | 0.4087061668681983
2020-03-29 21:17:17,097 - pipeline.run.grid_search - INFO - {'criterion': 'gini', 'max_depth': 100, 'min_samples_split': 6} | 0.4024183796856106
2020-03-29 21:17:17,097 - pipeline.run.grid_search - INFO - {'criterion': 'gini', 'max_depth': None, 'min_samples_split': 2} | 0.40640870616686814
2020-03-29 21:17:17,097 - pipeline.run.grid_search - INFO - {'criterion': 'gini', 'max_depth': None, 'min_samples_split': 6} | 0.40580411124546556
2020-03-29 21:17:17,097 - pipeline.run.grid_search - INFO - {'criterion': 'entropy', 'max_depth': 10, 'min_samples_split': 2} | 0.20471584038694074
2020-03-29 21:17:17,098 - pipeline.run.grid_search - INFO - {'criterion': 'entropy', 'max_depth': 10, 'min_samples_split': 6} | 0.20133010882708585
2020-03-29 21:17:17,098 - pipeline.run.grid_search - INFO - {'criterion': 'entropy', 'max_depth': 100, 'min_samples_split': 2} | 0.2911729141475211
2020-03-29 21:17:17,098 - pipeline.run.grid_search - INFO - {'criterion': 'entropy', 'max_depth': 100, 'min_samples_split': 6} | 0.2909310761789601
2020-03-29 21:17:17,098 - pipeline.run.grid_search - INFO - {'criterion': 'entropy', 'max_depth': None, 'min_samples_split': 2} | 0.2893591293833132
2020-03-29 21:17:17,098 - pipeline.run.grid_search - INFO - {'criterion': 'entropy', 'max_depth': None, 'min_samples_split': 6} | 0.2893591293833132
2020-03-29 21:23:16,744 - pipeline - INFO - test
2020-03-29 21:23:16,745 - pipeline.run - INFO - Data handling
2020-03-29 21:23:16,745 - pipeline.run - INFO - Loading prepared data
2020-03-29 21:23:16,907 - pipeline.run.features - INFO - Loaded prepared train data
2020-03-29 21:23:16,907 - pipeline.run.features - INFO - The loaded train data has a different len than                  given in the config. train len is {len(self.df_train)}
2020-03-29 21:23:16,932 - pipeline.run - INFO - Fit models
2020-03-29 21:23:20,550 - pipeline.run - INFO - Decision Tree | Score: 0.40725513905683186
2020-03-29 21:23:37,388 - pipeline.run - INFO - Random Forest | Score: 0.47267230955259976
2020-03-29 21:25:28,013 - pipeline.run - INFO - NeuralNetwork | Score: 0.041112454655380895
2020-03-29 21:25:28,014 - pipeline.run - INFO - Perform grid search
2020-03-29 21:25:50,885 - pipeline.run.grid_search - INFO - {'criterion': 'gini', 'max_depth': 10, 'min_samples_split': 2} | 0.154776299879081
2020-03-29 21:25:50,886 - pipeline.run.grid_search - INFO - {'criterion': 'gini', 'max_depth': 10, 'min_samples_split': 6} | 0.15477629987908098
2020-03-29 21:25:50,886 - pipeline.run.grid_search - INFO - {'criterion': 'gini', 'max_depth': 100, 'min_samples_split': 2} | 0.40374848851269646
2020-03-29 21:25:50,886 - pipeline.run.grid_search - INFO - {'criterion': 'gini', 'max_depth': 100, 'min_samples_split': 6} | 0.4042321644498186
2020-03-29 21:25:50,886 - pipeline.run.grid_search - INFO - {'criterion': 'gini', 'max_depth': None, 'min_samples_split': 2} | 0.4055622732769044
2020-03-29 21:25:50,886 - pipeline.run.grid_search - INFO - {'criterion': 'gini', 'max_depth': None, 'min_samples_split': 6} | 0.40785973397823455
2020-03-29 21:25:50,886 - pipeline.run.grid_search - INFO - {'criterion': 'entropy', 'max_depth': 10, 'min_samples_split': 2} | 0.20241837968561063
2020-03-29 21:25:50,886 - pipeline.run.grid_search - INFO - {'criterion': 'entropy', 'max_depth': 10, 'min_samples_split': 6} | 0.20435308343409914
2020-03-29 21:25:50,886 - pipeline.run.grid_search - INFO - {'criterion': 'entropy', 'max_depth': 100, 'min_samples_split': 2} | 0.2957678355501814
2020-03-29 21:25:50,887 - pipeline.run.grid_search - INFO - {'criterion': 'entropy', 'max_depth': 100, 'min_samples_split': 6} | 0.2893591293833132
2020-03-29 21:25:50,887 - pipeline.run.grid_search - INFO - {'criterion': 'entropy', 'max_depth': None, 'min_samples_split': 2} | 0.28948004836759367
2020-03-29 21:25:50,887 - pipeline.run.grid_search - INFO - {'criterion': 'entropy', 'max_depth': None, 'min_samples_split': 6} | 0.2911729141475211
2020-03-29 21:25:50,887 - pipeline.run.grid_search - INFO - Best model after Grid Search | Params: {'criterion': 'gini', 'max_depth': None, 'min_samples_split': 6},                score: 0.40785973397823455
2020-03-29 21:38:47,521 - pipeline.run.grid_search - INFO - {'bootstrap': True, 'max_depth': 10, 'max_features': 'auto', 'min_samples_leaf': 1, 'min_samples_split': 2, 'n_estimators': 100} | 0.4532043530834341
2020-03-29 21:38:47,529 - pipeline.run.grid_search - INFO - {'bootstrap': True, 'max_depth': 10, 'max_features': 'auto', 'min_samples_leaf': 1, 'min_samples_split': 2, 'n_estimators': 200} | 0.4546553808948005
2020-03-29 21:38:47,530 - pipeline.run.grid_search - INFO - {'bootstrap': True, 'max_depth': 10, 'max_features': 'auto', 'min_samples_leaf': 1, 'min_samples_split': 10, 'n_estimators': 100} | 0.45743651753325265
2020-03-29 21:38:47,530 - pipeline.run.grid_search - INFO - {'bootstrap': True, 'max_depth': 10, 'max_features': 'auto', 'min_samples_leaf': 1, 'min_samples_split': 10, 'n_estimators': 200} | 0.4591293833131801
2020-03-29 21:38:47,530 - pipeline.run.grid_search - INFO - {'bootstrap': True, 'max_depth': 10, 'max_features': 'auto', 'min_samples_leaf': 4, 'min_samples_split': 2, 'n_estimators': 100} | 0.4544135429262394
2020-03-29 21:38:47,530 - pipeline.run.grid_search - INFO - {'bootstrap': True, 'max_depth': 10, 'max_features': 'auto', 'min_samples_leaf': 4, 'min_samples_split': 2, 'n_estimators': 200} | 0.46420798065296254
2020-03-29 21:38:47,530 - pipeline.run.grid_search - INFO - {'bootstrap': True, 'max_depth': 10, 'max_features': 'auto', 'min_samples_leaf': 4, 'min_samples_split': 10, 'n_estimators': 100} | 0.45344619105199524
2020-03-29 21:38:47,530 - pipeline.run.grid_search - INFO - {'bootstrap': True, 'max_depth': 10, 'max_features': 'auto', 'min_samples_leaf': 4, 'min_samples_split': 10, 'n_estimators': 200} | 0.46287787182587675
2020-03-29 21:38:47,532 - pipeline.run.grid_search - INFO - {'bootstrap': True, 'max_depth': 10, 'max_features': 'sqrt', 'min_samples_leaf': 1, 'min_samples_split': 2, 'n_estimators': 100} | 0.4504232164449819
2020-03-29 21:38:47,533 - pipeline.run.grid_search - INFO - {'bootstrap': True, 'max_depth': 10, 'max_features': 'sqrt', 'min_samples_leaf': 1, 'min_samples_split': 2, 'n_estimators': 200} | 0.4587666263603386
2020-03-29 21:38:47,533 - pipeline.run.grid_search - INFO - {'bootstrap': True, 'max_depth': 10, 'max_features': 'sqrt', 'min_samples_leaf': 1, 'min_samples_split': 10, 'n_estimators': 100} | 0.4559854897218864
2020-03-29 21:38:47,533 - pipeline.run.grid_search - INFO - {'bootstrap': True, 'max_depth': 10, 'max_features': 'sqrt', 'min_samples_leaf': 1, 'min_samples_split': 10, 'n_estimators': 200} | 0.4597339782345828
2020-03-29 21:38:47,533 - pipeline.run.grid_search - INFO - {'bootstrap': True, 'max_depth': 10, 'max_features': 'sqrt', 'min_samples_leaf': 4, 'min_samples_split': 2, 'n_estimators': 100} | 0.45538089480048366
2020-03-29 21:38:47,533 - pipeline.run.grid_search - INFO - {'bootstrap': True, 'max_depth': 10, 'max_features': 'sqrt', 'min_samples_leaf': 4, 'min_samples_split': 2, 'n_estimators': 200} | 0.4580411124546554
2020-03-29 21:38:47,533 - pipeline.run.grid_search - INFO - {'bootstrap': True, 'max_depth': 10, 'max_features': 'sqrt', 'min_samples_leaf': 4, 'min_samples_split': 10, 'n_estimators': 100} | 0.4607013301088271
2020-03-29 21:38:47,533 - pipeline.run.grid_search - INFO - {'bootstrap': True, 'max_depth': 10, 'max_features': 'sqrt', 'min_samples_leaf': 4, 'min_samples_split': 10, 'n_estimators': 200} | 0.45864570737605803
2020-03-29 21:38:47,534 - pipeline.run.grid_search - INFO - {'bootstrap': True, 'max_depth': 70, 'max_features': 'auto', 'min_samples_leaf': 1, 'min_samples_split': 2, 'n_estimators': 100} | 0.475453446191052
2020-03-29 21:38:47,534 - pipeline.run.grid_search - INFO - {'bootstrap': True, 'max_depth': 70, 'max_features': 'auto', 'min_samples_leaf': 1, 'min_samples_split': 2, 'n_estimators': 200} | 0.47629987908101573
2020-03-29 21:38:47,534 - pipeline.run.grid_search - INFO - {'bootstrap': True, 'max_depth': 70, 'max_features': 'auto', 'min_samples_leaf': 1, 'min_samples_split': 10, 'n_estimators': 100} | 0.4948004836759371
2020-03-29 21:38:47,535 - pipeline.run.grid_search - INFO - {'bootstrap': True, 'max_depth': 70, 'max_features': 'auto', 'min_samples_leaf': 1, 'min_samples_split': 10, 'n_estimators': 200} | 0.49492140266021767
2020-03-29 21:38:47,535 - pipeline.run.grid_search - INFO - {'bootstrap': True, 'max_depth': 70, 'max_features': 'auto', 'min_samples_leaf': 4, 'min_samples_split': 2, 'n_estimators': 100} | 0.5108827085852479
2020-03-29 21:38:47,535 - pipeline.run.grid_search - INFO - {'bootstrap': True, 'max_depth': 70, 'max_features': 'auto', 'min_samples_leaf': 4, 'min_samples_split': 2, 'n_estimators': 200} | 0.5087061668681983
2020-03-29 21:38:47,535 - pipeline.run.grid_search - INFO - {'bootstrap': True, 'max_depth': 70, 'max_features': 'auto', 'min_samples_leaf': 4, 'min_samples_split': 10, 'n_estimators': 100} | 0.5082224909310762
2020-03-29 21:38:47,535 - pipeline.run.grid_search - INFO - {'bootstrap': True, 'max_depth': 70, 'max_features': 'auto', 'min_samples_leaf': 4, 'min_samples_split': 10, 'n_estimators': 200} | 0.5078597339782346
2020-03-29 21:38:47,535 - pipeline.run.grid_search - INFO - {'bootstrap': True, 'max_depth': 70, 'max_features': 'sqrt', 'min_samples_leaf': 1, 'min_samples_split': 2, 'n_estimators': 100} | 0.47436517533252714
2020-03-29 21:38:47,535 - pipeline.run.grid_search - INFO - {'bootstrap': True, 'max_depth': 70, 'max_features': 'sqrt', 'min_samples_leaf': 1, 'min_samples_split': 2, 'n_estimators': 200} | 0.4769044740024184
2020-03-29 21:38:47,535 - pipeline.run.grid_search - INFO - {'bootstrap': True, 'max_depth': 70, 'max_features': 'sqrt', 'min_samples_leaf': 1, 'min_samples_split': 10, 'n_estimators': 100} | 0.49492140266021767
2020-03-29 21:38:47,535 - pipeline.run.grid_search - INFO - {'bootstrap': True, 'max_depth': 70, 'max_features': 'sqrt', 'min_samples_leaf': 1, 'min_samples_split': 10, 'n_estimators': 200} | 0.49347037484885126
2020-03-29 21:38:47,535 - pipeline.run.grid_search - INFO - {'bootstrap': True, 'max_depth': 70, 'max_features': 'sqrt', 'min_samples_leaf': 4, 'min_samples_split': 2, 'n_estimators': 100} | 0.5090689238210399
2020-03-29 21:38:47,535 - pipeline.run.grid_search - INFO - {'bootstrap': True, 'max_depth': 70, 'max_features': 'sqrt', 'min_samples_leaf': 4, 'min_samples_split': 2, 'n_estimators': 200} | 0.5084643288996373
2020-03-29 21:38:47,535 - pipeline.run.grid_search - INFO - {'bootstrap': True, 'max_depth': 70, 'max_features': 'sqrt', 'min_samples_leaf': 4, 'min_samples_split': 10, 'n_estimators': 100} | 0.510640870616687
2020-03-29 21:38:47,536 - pipeline.run.grid_search - INFO - {'bootstrap': True, 'max_depth': 70, 'max_features': 'sqrt', 'min_samples_leaf': 4, 'min_samples_split': 10, 'n_estimators': 200} | 0.5117291414752116
2020-03-29 21:38:47,537 - pipeline.run.grid_search - INFO - {'bootstrap': False, 'max_depth': 10, 'max_features': 'auto', 'min_samples_leaf': 1, 'min_samples_split': 2, 'n_estimators': 100} | 0.43349455864570735
2020-03-29 21:38:47,538 - pipeline.run.grid_search - INFO - {'bootstrap': False, 'max_depth': 10, 'max_features': 'auto', 'min_samples_leaf': 1, 'min_samples_split': 2, 'n_estimators': 200} | 0.4366384522370012
2020-03-29 21:38:47,538 - pipeline.run.grid_search - INFO - {'bootstrap': False, 'max_depth': 10, 'max_features': 'auto', 'min_samples_leaf': 1, 'min_samples_split': 10, 'n_estimators': 100} | 0.44304715840386943
2020-03-29 21:38:47,539 - pipeline.run.grid_search - INFO - {'bootstrap': False, 'max_depth': 10, 'max_features': 'auto', 'min_samples_leaf': 1, 'min_samples_split': 10, 'n_estimators': 200} | 0.4444981862152358
2020-03-29 21:38:47,539 - pipeline.run.grid_search - INFO - {'bootstrap': False, 'max_depth': 10, 'max_features': 'auto', 'min_samples_leaf': 4, 'min_samples_split': 2, 'n_estimators': 100} | 0.4465538089480049
2020-03-29 21:38:47,539 - pipeline.run.grid_search - INFO - {'bootstrap': False, 'max_depth': 10, 'max_features': 'auto', 'min_samples_leaf': 4, 'min_samples_split': 2, 'n_estimators': 200} | 0.44776299879081016
2020-03-29 21:38:47,539 - pipeline.run.grid_search - INFO - {'bootstrap': False, 'max_depth': 10, 'max_features': 'auto', 'min_samples_leaf': 4, 'min_samples_split': 10, 'n_estimators': 100} | 0.4424425634824667
2020-03-29 21:38:47,539 - pipeline.run.grid_search - INFO - {'bootstrap': False, 'max_depth': 10, 'max_features': 'auto', 'min_samples_leaf': 4, 'min_samples_split': 10, 'n_estimators': 200} | 0.450906892382104
2020-03-29 21:38:47,539 - pipeline.run.grid_search - INFO - {'bootstrap': False, 'max_depth': 10, 'max_features': 'sqrt', 'min_samples_leaf': 1, 'min_samples_split': 2, 'n_estimators': 100} | 0.43337363966142683
2020-03-29 21:38:47,539 - pipeline.run.grid_search - INFO - {'bootstrap': False, 'max_depth': 10, 'max_features': 'sqrt', 'min_samples_leaf': 1, 'min_samples_split': 2, 'n_estimators': 200} | 0.4449818621523579
2020-03-29 21:38:47,539 - pipeline.run.grid_search - INFO - {'bootstrap': False, 'max_depth': 10, 'max_features': 'sqrt', 'min_samples_leaf': 1, 'min_samples_split': 10, 'n_estimators': 100} | 0.44268440145102783
2020-03-29 21:38:47,539 - pipeline.run.grid_search - INFO - {'bootstrap': False, 'max_depth': 10, 'max_features': 'sqrt', 'min_samples_leaf': 1, 'min_samples_split': 10, 'n_estimators': 200} | 0.43966142684401455
2020-03-29 21:38:47,540 - pipeline.run.grid_search - INFO - {'bootstrap': False, 'max_depth': 10, 'max_features': 'sqrt', 'min_samples_leaf': 4, 'min_samples_split': 2, 'n_estimators': 100} | 0.44413542926239413
2020-03-29 21:38:47,540 - pipeline.run.grid_search - INFO - {'bootstrap': False, 'max_depth': 10, 'max_features': 'sqrt', 'min_samples_leaf': 4, 'min_samples_split': 2, 'n_estimators': 200} | 0.4444981862152358
2020-03-29 21:38:47,540 - pipeline.run.grid_search - INFO - {'bootstrap': False, 'max_depth': 10, 'max_features': 'sqrt', 'min_samples_leaf': 4, 'min_samples_split': 10, 'n_estimators': 100} | 0.45042321644498184
2020-03-29 21:38:47,540 - pipeline.run.grid_search - INFO - {'bootstrap': False, 'max_depth': 10, 'max_features': 'sqrt', 'min_samples_leaf': 4, 'min_samples_split': 10, 'n_estimators': 200} | 0.4486094316807739
2020-03-29 21:38:47,540 - pipeline.run.grid_search - INFO - {'bootstrap': False, 'max_depth': 70, 'max_features': 'auto', 'min_samples_leaf': 1, 'min_samples_split': 2, 'n_estimators': 100} | 0.4607013301088271
2020-03-29 21:38:47,540 - pipeline.run.grid_search - INFO - {'bootstrap': False, 'max_depth': 70, 'max_features': 'auto', 'min_samples_leaf': 1, 'min_samples_split': 2, 'n_estimators': 200} | 0.46420798065296254
2020-03-29 21:38:47,540 - pipeline.run.grid_search - INFO - {'bootstrap': False, 'max_depth': 70, 'max_features': 'auto', 'min_samples_leaf': 1, 'min_samples_split': 10, 'n_estimators': 100} | 0.4821039903264813
2020-03-29 21:38:47,540 - pipeline.run.grid_search - INFO - {'bootstrap': False, 'max_depth': 70, 'max_features': 'auto', 'min_samples_leaf': 1, 'min_samples_split': 10, 'n_estimators': 200} | 0.4842805320435309
2020-03-29 21:38:47,540 - pipeline.run.grid_search - INFO - {'bootstrap': False, 'max_depth': 70, 'max_features': 'auto', 'min_samples_leaf': 4, 'min_samples_split': 2, 'n_estimators': 100} | 0.5
2020-03-29 21:38:47,540 - pipeline.run.grid_search - INFO - {'bootstrap': False, 'max_depth': 70, 'max_features': 'auto', 'min_samples_leaf': 4, 'min_samples_split': 2, 'n_estimators': 200} | 0.5038694074969772
2020-03-29 21:38:47,540 - pipeline.run.grid_search - INFO - {'bootstrap': False, 'max_depth': 70, 'max_features': 'auto', 'min_samples_leaf': 4, 'min_samples_split': 10, 'n_estimators': 100} | 0.505199516324063
2020-03-29 21:38:47,540 - pipeline.run.grid_search - INFO - {'bootstrap': False, 'max_depth': 70, 'max_features': 'auto', 'min_samples_leaf': 4, 'min_samples_split': 10, 'n_estimators': 200} | 0.5030229746070132
2020-03-29 21:38:47,541 - pipeline.run.grid_search - INFO - {'bootstrap': False, 'max_depth': 70, 'max_features': 'sqrt', 'min_samples_leaf': 1, 'min_samples_split': 2, 'n_estimators': 100} | 0.45997581620314393
2020-03-29 21:38:47,541 - pipeline.run.grid_search - INFO - {'bootstrap': False, 'max_depth': 70, 'max_features': 'sqrt', 'min_samples_leaf': 1, 'min_samples_split': 2, 'n_estimators': 200} | 0.46082224909310765
2020-03-29 21:38:47,541 - pipeline.run.grid_search - INFO - {'bootstrap': False, 'max_depth': 70, 'max_features': 'sqrt', 'min_samples_leaf': 1, 'min_samples_split': 10, 'n_estimators': 100} | 0.48270858524788396
2020-03-29 21:38:47,541 - pipeline.run.grid_search - INFO - {'bootstrap': False, 'max_depth': 70, 'max_features': 'sqrt', 'min_samples_leaf': 1, 'min_samples_split': 10, 'n_estimators': 200} | 0.4847642079806529
2020-03-29 21:38:47,541 - pipeline.run.grid_search - INFO - {'bootstrap': False, 'max_depth': 70, 'max_features': 'sqrt', 'min_samples_leaf': 4, 'min_samples_split': 2, 'n_estimators': 100} | 0.5013301088270857
2020-03-29 21:38:47,541 - pipeline.run.grid_search - INFO - {'bootstrap': False, 'max_depth': 70, 'max_features': 'sqrt', 'min_samples_leaf': 4, 'min_samples_split': 2, 'n_estimators': 200} | 0.5041112454655381
2020-03-29 21:38:47,541 - pipeline.run.grid_search - INFO - {'bootstrap': False, 'max_depth': 70, 'max_features': 'sqrt', 'min_samples_leaf': 4, 'min_samples_split': 10, 'n_estimators': 100} | 0.5024183796856106
2020-03-29 21:38:47,541 - pipeline.run.grid_search - INFO - {'bootstrap': False, 'max_depth': 70, 'max_features': 'sqrt', 'min_samples_leaf': 4, 'min_samples_split': 10, 'n_estimators': 200} | 0.5012091898428054
2020-03-29 21:38:47,543 - pipeline.run.grid_search - INFO - Best model after Grid Search | Params: {'bootstrap': True, 'max_depth': 70, 'max_features': 'sqrt', 'min_samples_leaf': 4, 'min_samples_split': 10, 'n_estimators': 200},                score: 0.5117291414752116
2020-03-29 21:47:40,517 - pipeline.run - INFO - XGB | Score: 0.3610640870616687
2020-03-29 22:17:28,382 - pipeline.run.grid_search - INFO - {'eta': 0.1, 'n_jobs': -1, 'objective': 'multi:softmax'} | 0.3557436517533253
2020-03-29 22:17:28,382 - pipeline.run.grid_search - INFO - {'eta': 0.1, 'n_jobs': -1, 'objective': 'binary:logistic'} | 0.3557436517533253
2020-03-29 22:17:28,382 - pipeline.run.grid_search - INFO - {'eta': 1, 'n_jobs': -1, 'objective': 'multi:softmax'} | 0.3557436517533253
2020-03-29 22:17:28,383 - pipeline.run.grid_search - INFO - {'eta': 1, 'n_jobs': -1, 'objective': 'binary:logistic'} | 0.3557436517533253
2020-03-29 22:17:28,383 - pipeline.run.grid_search - INFO - Best model after Grid Search | Params: {'eta': 0.1, 'n_jobs': -1, 'objective': 'multi:softmax'},                score: 0.3557436517533253
2020-03-29 22:17:28,383 - pipeline.run - INFO - Remove data from hard drive
2020-03-29 23:10:09,477 - pipeline - INFO - test
2020-03-29 23:10:09,477 - pipeline.run - INFO - Data handling
2020-03-29 23:10:09,478 - pipeline.run - INFO - Loading prepared data
2020-03-29 23:10:09,678 - pipeline.run.features - INFO - Loaded prepared train data
2020-03-29 23:10:09,678 - pipeline.run.features - INFO - The loaded train data has a different len than                  given in the config. train len is {len(self.df_train)}
2020-03-29 23:10:09,703 - pipeline.run - INFO - Fit models
2020-03-29 23:10:13,563 - pipeline.run - INFO - Decision Tree | Score: 0.40725513905683186
2020-03-29 23:10:32,378 - pipeline.run - INFO - Random Forest | Score: 0.47267230955259976
2020-03-29 23:12:52,184 - pipeline - INFO - test
2020-03-29 23:12:52,184 - pipeline.run - INFO - Data handling
2020-03-29 23:12:52,184 - pipeline.run - INFO - Loading prepared data
2020-03-29 23:12:52,343 - pipeline.run.features - INFO - Loaded prepared train data
2020-03-29 23:12:52,344 - pipeline.run.features - INFO - The loaded train data has a different len than                  given in the config. train len is {len(self.df_train)}
2020-03-29 23:12:52,369 - pipeline.run - INFO - Fit models
2020-03-29 23:12:55,868 - pipeline.run - INFO - Decision Tree | Score: 0.40725513905683186
2020-03-29 23:21:52,121 - pipeline - INFO - test
2020-03-29 23:21:52,121 - pipeline.run - INFO - Data handling
2020-03-29 23:21:52,121 - pipeline.run - INFO - Loading prepared data
2020-03-29 23:21:52,274 - pipeline.run.features - INFO - Loaded prepared train data
2020-03-29 23:21:52,274 - pipeline.run.features - INFO - The loaded train data has a different len than                  given in the config. train len is {len(self.df_train)}
2020-03-29 23:21:52,297 - pipeline.run - INFO - Fit models
2020-03-29 23:21:55,887 - pipeline.run - INFO - Decision Tree | Score: 0.40725513905683186
2020-03-29 23:22:16,279 - pipeline.run - INFO - Random Forest | Score: 0.47267230955259976
2020-03-29 23:26:20,105 - pipeline.run - INFO - NeuralNetwork | Score: 0.041112454655380895
2020-03-29 23:26:20,110 - pipeline.run - INFO - Perform grid search
2020-03-29 23:26:45,465 - pipeline.run.grid_search - INFO - {'criterion': 'gini', 'max_depth': 10, 'min_samples_split': 2} | 0.15501813784764207
2020-03-29 23:26:45,466 - pipeline.run.grid_search - INFO - {'criterion': 'gini', 'max_depth': 10, 'min_samples_split': 6} | 0.15501813784764207
2020-03-29 23:26:45,466 - pipeline.run.grid_search - INFO - {'criterion': 'gini', 'max_depth': 100, 'min_samples_split': 2} | 0.40701330108827083
2020-03-29 23:26:45,466 - pipeline.run.grid_search - INFO - {'criterion': 'gini', 'max_depth': 100, 'min_samples_split': 6} | 0.40580411124546556
2020-03-29 23:26:45,466 - pipeline.run.grid_search - INFO - {'criterion': 'gini', 'max_depth': None, 'min_samples_split': 2} | 0.4001209189842806
2020-03-29 23:26:45,466 - pipeline.run.grid_search - INFO - {'criterion': 'gini', 'max_depth': None, 'min_samples_split': 6} | 0.4062877871825877
2020-03-29 23:26:45,466 - pipeline.run.grid_search - INFO - {'criterion': 'entropy', 'max_depth': 10, 'min_samples_split': 2} | 0.20350665054413541
2020-03-29 23:26:45,491 - pipeline.run.grid_search - INFO - {'criterion': 'entropy', 'max_depth': 10, 'min_samples_split': 6} | 0.20157194679564694
2020-03-29 23:26:45,492 - pipeline.run.grid_search - INFO - {'criterion': 'entropy', 'max_depth': 100, 'min_samples_split': 2} | 0.2922611850060459
2020-03-29 23:26:45,492 - pipeline.run.grid_search - INFO - {'criterion': 'entropy', 'max_depth': 100, 'min_samples_split': 6} | 0.2926239419588875
2020-03-29 23:26:45,492 - pipeline.run.grid_search - INFO - {'criterion': 'entropy', 'max_depth': None, 'min_samples_split': 2} | 0.28911729141475206
2020-03-29 23:26:45,492 - pipeline.run.grid_search - INFO - {'criterion': 'entropy', 'max_depth': None, 'min_samples_split': 6} | 0.2920193470374849
2020-03-29 23:26:45,493 - pipeline.run.grid_search - INFO - Best model after Grid Search | Params: {'criterion': 'gini', 'max_depth': 100, 'min_samples_split': 2},                score: 0.40701330108827083
2020-03-29 23:38:34,423 - pipeline - INFO - test
2020-03-29 23:38:34,424 - pipeline.run - INFO - Data handling
2020-03-29 23:38:34,424 - pipeline.run - INFO - Loading prepared data
2020-03-29 23:38:34,587 - pipeline.run.features - INFO - Loaded prepared train data
2020-03-29 23:38:34,587 - pipeline.run.features - INFO - The loaded train data has a different len than                  given in the config. train len is {len(self.df_train)}
2020-03-29 23:39:06,323 - pipeline - INFO - test
2020-03-29 23:39:06,324 - pipeline.run - INFO - Data handling
2020-03-29 23:39:06,324 - pipeline.run - INFO - Loading prepared data
2020-03-29 23:39:06,496 - pipeline.run.features - INFO - Loaded prepared train data
2020-03-29 23:39:06,496 - pipeline.run.features - INFO - The loaded train data has a different len than                  given in the config. train len is {len(self.df_train)}
2020-03-29 23:39:06,572 - pipeline.run - INFO - Fit models
2020-03-29 23:39:10,187 - pipeline.run - INFO - Decision Tree | Score: 0.4066505441354293
2020-03-29 23:39:27,275 - pipeline.run - INFO - Random Forest | Score: 0.4729141475211608
2020-03-29 23:43:26,606 - pipeline.run - INFO - NeuralNetwork | Score: 0.3818621523579202
2020-03-29 23:43:26,609 - pipeline.run - INFO - Perform grid search
2020-03-29 23:47:27,763 - pipeline.run - INFO - Data handling
2020-03-29 23:47:27,763 - pipeline.run - INFO - Loading prepared data
2020-03-29 23:47:27,917 - pipeline.run.features - INFO - Loaded prepared train data
2020-03-29 23:47:27,918 - pipeline.run.features - INFO - The loaded train data has a different len than                  given in the config. train len is {len(self.df_train)}
2020-03-29 23:47:27,974 - pipeline.run - INFO - Fit models
2020-03-29 23:47:31,447 - pipeline.run - INFO - Decision Tree | Score: 0.4066505441354293
2020-03-30 00:14:27,666 - pipeline.run - INFO - Data handling
2020-03-30 00:14:27,667 - pipeline.run - INFO - Loading prepared data
2020-03-30 00:14:27,844 - pipeline.run.features - INFO - Loaded prepared train data
2020-03-30 00:14:27,844 - pipeline.run.features - INFO - The loaded train data has a different len than                  given in the config. train len is {len(self.df_train)}
2020-03-30 00:15:44,449 - pipeline.run - INFO - Data handling
2020-03-30 00:15:44,449 - pipeline.run - INFO - Loading prepared data
2020-03-30 00:15:44,611 - pipeline.run.features - INFO - Loaded prepared train data
2020-03-30 00:15:44,611 - pipeline.run.features - INFO - The loaded train data has a different len than                  given in the config. train len is {len(self.df_train)}
2020-03-30 00:15:44,659 - pipeline.run.features - INFO - Scaling Features
2020-03-30 00:15:44,714 - pipeline.run - INFO - Fit models
2020-03-30 00:15:48,391 - pipeline.run - INFO - Decision Tree | Score: 0.4066505441354293
2020-03-30 00:16:05,860 - pipeline.run - INFO - Random Forest | Score: 0.4729141475211608
2020-03-30 00:20:06,602 - pipeline.run - INFO - NeuralNetwork | Score: 0.3863361547762999
2020-03-30 00:20:06,604 - pipeline.run - INFO - Perform grid search
2020-03-30 00:20:56,340 - pipeline.run - INFO - Data handling
2020-03-30 00:20:56,340 - pipeline.run - INFO - Loading prepared data
2020-03-30 00:20:56,499 - pipeline.run.features - INFO - Loaded prepared train data
2020-03-30 00:20:56,499 - pipeline.run.features - INFO - The loaded train data has a different len than                  given in the config. train len is {len(self.df_train)}
2020-03-30 00:20:56,515 - pipeline.run.features - INFO - Scaling Features
2020-03-30 00:20:56,550 - pipeline.run - INFO - Fit models
2020-03-30 00:21:00,216 - pipeline.run - INFO - Decision Tree | Score: 0.4066505441354293
2020-03-30 00:21:16,612 - pipeline.run - INFO - Random Forest | Score: 0.4729141475211608
2020-03-30 00:25:28,061 - pipeline.run - INFO - NeuralNetwork | Score: 0.39141475211608223
2020-03-30 00:25:28,063 - pipeline.run - INFO - Perform grid search
2020-03-30 00:33:14,216 - pipeline.run - INFO - XGB | Score: 0.3946795646916566
2020-03-30 00:33:14,217 - pipeline.run - INFO - Remove data from hard drive
2020-03-30 13:57:12,070 - pipeline.run - INFO - Data handling
2020-03-30 13:57:12,071 - pipeline.run - INFO - Loading prepared data
2020-03-30 13:57:12,245 - pipeline.run.features - INFO - Loaded prepared train data
2020-03-30 13:57:12,245 - pipeline.run.features - INFO - The loaded train data has a different len than                  given in the config. train len is {len(self.df_train)}
2020-03-30 13:57:12,272 - pipeline.run.features - INFO - Scaling Features
2020-03-30 13:57:12,320 - pipeline.run - INFO - Fit models
2020-03-30 14:03:18,988 - pipeline.run - INFO - Data handling
2020-03-30 14:03:18,989 - pipeline.run - INFO - Loading prepared data
2020-03-30 14:03:19,212 - pipeline.run.features - INFO - Loaded prepared train data
2020-03-30 14:03:19,212 - pipeline.run.features - INFO - The loaded train data has a different len than                  given in the config. train len is {len(self.df_train)}
2020-03-30 14:03:37,602 - pipeline.run - INFO - Data handling
2020-03-30 14:03:37,602 - pipeline.run - INFO - Loading prepared data
2020-03-30 14:03:37,812 - pipeline.run.features - INFO - Loaded prepared train data
2020-03-30 14:03:37,813 - pipeline.run.features - INFO - The loaded train data has a different len than                  given in the config. train len is {len(self.df_train)}
2020-03-30 14:04:49,754 - pipeline.run - INFO - Data handling
2020-03-30 14:04:49,754 - pipeline.run - INFO - Loading prepared data
2020-03-30 14:04:49,957 - pipeline.run.features - INFO - Loaded prepared train data
2020-03-30 14:04:49,957 - pipeline.run.features - INFO - The loaded train data has a different len than                  given in the config. train len is {len(self.df_train)}
2020-03-30 14:05:18,991 - pipeline.run - INFO - Data handling
2020-03-30 14:05:18,991 - pipeline.run - INFO - Loading prepared data
2020-03-30 14:05:19,194 - pipeline.run.features - INFO - Loaded prepared train data
2020-03-30 14:05:19,194 - pipeline.run.features - INFO - The loaded train data has a different len than                  given in the config. train len is {len(self.df_train)}
2020-03-30 14:06:42,581 - pipeline.run - INFO - Data handling
2020-03-30 14:06:42,581 - pipeline.run - INFO - Loading prepared data
2020-03-30 14:06:42,781 - pipeline.run.features - INFO - Loaded prepared train data
2020-03-30 14:06:42,781 - pipeline.run.features - INFO - The loaded train data has a different len than                  given in the config. train len is {len(self.df_train)}
2020-03-30 14:08:28,982 - pipeline.run - INFO - Data handling
2020-03-30 14:08:28,983 - pipeline.run - INFO - Loading prepared data
2020-03-30 14:08:29,196 - pipeline.run.features - INFO - Loaded prepared train data
2020-03-30 14:08:29,196 - pipeline.run.features - INFO - The loaded train data has a different len than                  given in the config. train len is {len(self.df_train)}
2020-03-30 14:09:09,316 - pipeline.run - INFO - Data handling
2020-03-30 14:09:09,317 - pipeline.run - INFO - Loading prepared data
2020-03-30 14:09:09,532 - pipeline.run.features - INFO - Loaded prepared train data
2020-03-30 14:09:09,532 - pipeline.run.features - INFO - The loaded train data has a different len than                  given in the config. train len is {len(self.df_train)}
2020-03-30 14:10:22,043 - pipeline.run - INFO - Data handling
2020-03-30 14:10:22,044 - pipeline.run - INFO - Loading prepared data
2020-03-30 14:10:22,269 - pipeline.run.features - INFO - Loaded prepared train data
2020-03-30 14:10:22,270 - pipeline.run.features - INFO - The loaded train data has a different len than                  given in the config. train len is {len(self.df_train)}
2020-03-30 14:11:01,343 - pipeline.run - INFO - Data handling
2020-03-30 14:11:01,344 - pipeline.run - INFO - Loading prepared data
2020-03-30 14:11:01,561 - pipeline.run.features - INFO - Loaded prepared train data
2020-03-30 14:11:01,561 - pipeline.run.features - INFO - The loaded train data has a different len than                  given in the config. train len is {len(self.df_train)}
2020-03-30 14:12:16,289 - pipeline.run - INFO - Data handling
2020-03-30 14:12:16,289 - pipeline.run - INFO - Loading prepared data
2020-03-30 14:12:16,504 - pipeline.run.features - INFO - Loaded prepared train data
2020-03-30 14:12:16,504 - pipeline.run.features - INFO - The loaded train data has a different len than                  given in the config. train len is {len(self.df_train)}
2020-03-30 14:13:16,672 - pipeline.run - INFO - Data handling
2020-03-30 14:13:16,673 - pipeline.run - INFO - Loading prepared data
2020-03-30 14:13:16,890 - pipeline.run.features - INFO - Loaded prepared train data
2020-03-30 14:13:16,890 - pipeline.run.features - INFO - The loaded train data has a different len than                  given in the config. train len is {len(self.df_train)}
2020-03-30 14:13:54,640 - pipeline.run - INFO - Data handling
2020-03-30 14:13:54,640 - pipeline.run - INFO - Loading prepared data
2020-03-30 14:13:54,847 - pipeline.run.features - INFO - Loaded prepared train data
2020-03-30 14:13:54,847 - pipeline.run.features - INFO - The loaded train data has a different len than                  given in the config. train len is {len(self.df_train)}
2020-03-30 14:13:55,968 - pipeline.run.features - INFO - Scaling Features
2020-03-30 14:13:56,008 - pipeline.run - INFO - Fit models
2020-03-30 14:13:59,886 - pipeline.run - INFO - Decision Tree | Score: 0.4066505441354293
2020-03-30 14:15:30,502 - pipeline.run - INFO - Data handling
2020-03-30 14:15:30,502 - pipeline.run - INFO - Loading prepared data
2020-03-30 14:15:30,730 - pipeline.run.features - INFO - Loaded prepared train data
2020-03-30 14:15:30,730 - pipeline.run.features - INFO - The loaded train data has a different len than                  given in the config. train len is {len(self.df_train)}
2020-03-30 14:15:31,930 - pipeline.run.features - INFO - Scaling Features
2020-03-30 14:15:31,961 - pipeline.run - INFO - Fit models
2020-03-30 14:16:30,376 - pipeline.run - INFO - Data handling
2020-03-30 14:16:30,377 - pipeline.run - INFO - Loading prepared data
2020-03-30 14:16:30,590 - pipeline.run.features - INFO - Loaded prepared train data
2020-03-30 14:16:30,590 - pipeline.run.features - INFO - The loaded train data has a different len than                  given in the config. train len is {len(self.df_train)}
2020-03-30 14:16:31,965 - pipeline.run.features - INFO - Scaling Features
2020-03-30 14:16:31,994 - pipeline.run - INFO - Fit models
2020-03-30 14:16:35,613 - pipeline.run - INFO - Decision Tree | Score: 0.4066505441354293
2020-03-30 14:19:29,746 - pipeline.run - INFO - Data handling
2020-03-30 14:19:29,746 - pipeline.run - INFO - Loading prepared data
2020-03-30 14:19:29,957 - pipeline.run.features - INFO - Loaded prepared train data
2020-03-30 14:19:29,958 - pipeline.run.features - INFO - The loaded train data has a different len than                  given in the config. train len is {len(self.df_train)}
2020-03-30 14:19:30,792 - pipeline.run.features - INFO - Scaling Features
2020-03-30 14:19:30,821 - pipeline.run - INFO - Fit models
2020-03-30 14:19:34,473 - pipeline.run - INFO - Decision Tree | Score: 0.4066505441354293
2020-03-30 14:20:03,346 - pipeline.run - INFO - Data handling
2020-03-30 14:20:03,346 - pipeline.run - INFO - Loading prepared data
2020-03-30 14:20:03,555 - pipeline.run.features - INFO - Loaded prepared train data
2020-03-30 14:20:03,555 - pipeline.run.features - INFO - The loaded train data has a different len than                  given in the config. train len is {len(self.df_train)}
2020-03-30 14:20:04,386 - pipeline.run.features - INFO - Scaling Features
2020-03-30 14:20:04,415 - pipeline.run - INFO - Fit models
2020-03-30 14:20:08,043 - pipeline.run - INFO - Decision Tree | Score: 0.4066505441354293
2020-03-30 14:20:41,459 - pipeline.run - INFO - Data handling
2020-03-30 14:20:41,459 - pipeline.run - INFO - Loading prepared data
2020-03-30 14:20:41,683 - pipeline.run.features - INFO - Loaded prepared train data
2020-03-30 14:20:41,684 - pipeline.run.features - INFO - The loaded train data has a different len than                  given in the config. train len is {len(self.df_train)}
2020-03-30 14:20:42,991 - pipeline.run.features - INFO - Scaling Features
2020-03-30 14:20:43,020 - pipeline.run - INFO - Fit models
2020-03-30 14:20:46,848 - pipeline.run - INFO - Decision Tree | Score: 0.4066505441354293
2020-03-30 14:27:35,770 - pipeline.run - INFO - Data handling
2020-03-30 14:27:35,770 - pipeline.run - INFO - Loading prepared data
2020-03-30 14:27:35,976 - pipeline.run.features - INFO - Loaded prepared train data
2020-03-30 14:27:35,976 - pipeline.run.features - INFO - The loaded train data has a different len than                  given in the config. train len is {len(self.df_train)}
2020-03-30 14:27:37,300 - pipeline.run.features - INFO - Scaling Features
2020-03-30 14:27:37,338 - pipeline.run - INFO - Fit models
2020-03-30 14:27:41,005 - pipeline.run - INFO - Decision Tree | Score: 0.4066505441354293
2020-03-30 14:27:58,560 - pipeline.run - INFO - Random Forest | Score: 0.4729141475211608
2020-03-30 15:28:21,355 - pipeline.run - INFO - Data handling
2020-03-30 15:28:21,356 - pipeline.run - INFO - Loading prepared data
2020-03-30 15:28:21,566 - pipeline.run.features - INFO - Loaded prepared train data
2020-03-30 15:28:21,566 - pipeline.run.features - INFO - The loaded train data has a different len than                  given in the config. train len is {len(self.df_train)}
2020-03-30 15:28:22,965 - pipeline.run.features - INFO - Scaling Features
2020-03-30 15:28:22,999 - pipeline.run - INFO - Fit models
2020-03-30 15:28:26,799 - pipeline.run - INFO - Decision Tree | Score: 0.4066505441354293
2020-03-30 15:28:44,257 - pipeline.run - INFO - Random Forest | Score: 0.4729141475211608
2020-03-30 15:32:30,757 - pipeline.run - INFO - NeuralNetwork | Score: 0.3821039903264813
2020-03-30 15:32:30,760 - pipeline.run - INFO - Perform grid search
2020-03-30 15:40:58,154 - pipeline.run - INFO - XGB | Score: 0.3946795646916566
2020-03-30 15:40:58,156 - pipeline.run - INFO - Remove data from hard drive
2020-03-30 15:43:54,360 - pipeline.run - INFO - Data handling
2020-03-30 15:43:54,360 - pipeline.run - INFO - Loading prepared data
2020-03-30 15:43:54,562 - pipeline.run.features - INFO - Loaded prepared train data
2020-03-30 15:43:54,562 - pipeline.run.features - INFO - The loaded train data has a different len than                  given in the config. train len is {len(self.df_train)}
2020-03-30 15:43:55,898 - pipeline.run.features - INFO - Scaling Features
2020-03-30 15:43:55,927 - pipeline.run - INFO - Fit models
2020-03-30 15:43:59,488 - pipeline.run - INFO - Decision Tree | Score: 0.4066505441354293
2020-03-30 15:52:18,256 - pipeline.run - INFO - XGB | Score: 0.3946795646916566
2020-03-30 15:52:18,258 - pipeline.run - INFO - Remove data from hard drive
2020-03-30 16:02:27,497 - pipeline.run - INFO - Data handling
2020-03-30 16:02:27,498 - pipeline.run - INFO - Loading prepared data
2020-03-30 16:02:27,731 - pipeline.run.features - INFO - Loaded prepared train data
2020-03-30 16:02:27,732 - pipeline.run.features - INFO - The loaded train data has a different len than                  given in the config. train len is {len(self.df_train)}
2020-03-30 16:02:29,122 - pipeline.run.features - INFO - Scaling Features
2020-03-30 16:02:29,153 - pipeline.run - INFO - Fit models
2020-03-30 16:02:33,219 - pipeline.run - INFO - Decision Tree | Score: 0.4066505441354293
2020-03-30 16:10:57,182 - pipeline.run - INFO - XGB | Score: 0.3946795646916566
2020-03-30 16:10:57,185 - pipeline.run - INFO - Remove data from hard drive
2020-03-30 16:20:29,481 - pipeline.run - INFO - Data handling
2020-03-30 16:20:29,482 - pipeline.run - INFO - Loading prepared data
2020-03-30 16:20:29,649 - pipeline.run.features - INFO - Loaded prepared train data
2020-03-30 16:20:29,649 - pipeline.run.features - INFO - The loaded train data has a different len than                  given in the config. train len is {len(self.df_train)}
2020-03-30 16:20:31,037 - pipeline.run.features - INFO - Scaling Features
2020-03-30 16:20:31,069 - pipeline.run - INFO - Fit models
2020-03-30 16:20:34,697 - pipeline.run - INFO - Decision Tree | Score: 0.4066505441354293
2020-03-30 16:21:07,496 - pipeline.run - INFO - Data handling
2020-03-30 16:21:07,497 - pipeline.run - INFO - Loading prepared data
2020-03-30 16:21:07,666 - pipeline.run.features - INFO - Loaded prepared train data
2020-03-30 16:21:07,666 - pipeline.run.features - INFO - The loaded train data has a different len than                  given in the config. train len is {len(self.df_train)}
2020-03-30 16:21:09,065 - pipeline.run.features - INFO - Scaling Features
2020-03-30 16:21:09,096 - pipeline.run - INFO - Fit models
2020-03-30 16:21:12,810 - pipeline.run - INFO - Decision Tree | Score: 0.4066505441354293
2020-03-30 16:21:38,424 - pipeline.run - INFO - Data handling
2020-03-30 16:21:38,425 - pipeline.run - INFO - Loading prepared data
2020-03-30 16:21:38,589 - pipeline.run.features - INFO - Loaded prepared train data
2020-03-30 16:21:38,589 - pipeline.run.features - INFO - The loaded train data has a different len than                  given in the config. train len is {len(self.df_train)}
2020-03-30 16:21:39,944 - pipeline.run.features - INFO - Scaling Features
2020-03-30 16:21:39,973 - pipeline.run - INFO - Fit models
2020-03-30 16:21:43,841 - pipeline.run - INFO - Decision Tree | Score: 0.4066505441354293
2020-03-30 16:24:16,994 - pipeline.run - INFO - Data handling
2020-03-30 16:24:16,994 - pipeline.run - INFO - Loading prepared data
2020-03-30 16:24:17,156 - pipeline.run.features - INFO - Loaded prepared train data
2020-03-30 16:24:17,156 - pipeline.run.features - INFO - The loaded train data has a different len than                  given in the config. train len is {len(self.df_train)}
2020-03-30 16:24:18,493 - pipeline.run.features - INFO - Scaling Features
2020-03-30 16:24:18,521 - pipeline.run - INFO - Fit models
2020-03-30 16:24:22,364 - pipeline.run - INFO - Decision Tree | Score: 0.4066505441354293
2020-03-30 16:26:03,383 - pipeline.run - INFO - Data handling
2020-03-30 16:26:03,383 - pipeline.run - INFO - Loading prepared data
2020-03-30 16:26:03,549 - pipeline.run.features - INFO - Loaded prepared train data
2020-03-30 16:26:03,550 - pipeline.run.features - INFO - The loaded train data has a different len than                  given in the config. train len is {len(self.df_train)}
2020-03-30 16:26:04,880 - pipeline.run.features - INFO - Scaling Features
2020-03-30 16:26:04,909 - pipeline.run - INFO - Fit models
2020-03-30 16:26:08,614 - pipeline.run - INFO - Decision Tree | Score: 0.4066505441354293
2020-03-30 16:27:26,411 - pipeline.run - INFO - Data handling
2020-03-30 16:27:26,412 - pipeline.run - INFO - Loading prepared data
2020-03-30 16:27:26,568 - pipeline.run.features - INFO - Loaded prepared train data
2020-03-30 16:27:26,568 - pipeline.run.features - INFO - The loaded train data has a different len than                  given in the config. train len is {len(self.df_train)}
2020-03-30 16:27:27,895 - pipeline.run.features - INFO - Scaling Features
2020-03-30 16:27:27,924 - pipeline.run - INFO - Fit models
2020-03-30 16:27:31,557 - pipeline.run - INFO - Decision Tree | Score: 0.4066505441354293
2020-03-30 16:36:26,810 - pipeline.run - INFO - XGB | Score: 0.3946795646916566
2020-03-30 16:36:26,812 - pipeline.run - INFO - Remove data from hard drive
2020-03-30 16:36:56,576 - pipeline.run - INFO - Data handling
2020-03-30 16:36:56,577 - pipeline.run - INFO - Loading prepared data
2020-03-30 16:36:56,741 - pipeline.run.features - INFO - Loaded prepared train data
2020-03-30 16:36:56,742 - pipeline.run.features - INFO - The loaded train data has a different len than                  given in the config. train len is {len(self.df_train)}
2020-03-30 16:36:58,103 - pipeline.run.features - INFO - Scaling Features
2020-03-30 16:36:58,132 - pipeline.run - INFO - Fit models
2020-03-30 16:37:01,893 - pipeline.run - INFO - Decision Tree | Score: 0.4066505441354293
2020-03-30 16:44:15,085 - pipeline.run - INFO - Data handling
2020-03-30 16:44:15,085 - pipeline.run - INFO - Loading prepared data
2020-03-30 16:44:15,260 - pipeline.run.features - INFO - Loaded prepared train data
2020-03-30 16:44:15,260 - pipeline.run.features - INFO - The loaded train data has a different len than                  given in the config. train len is {len(self.df_train)}
2020-03-30 16:44:16,628 - pipeline.run.features - INFO - Scaling Features
2020-03-30 16:44:16,659 - pipeline.run - INFO - Fit models
2020-03-30 16:45:34,037 - pipeline.run - INFO - Data handling
2020-03-30 16:45:34,038 - pipeline.run - INFO - Loading prepared data
2020-03-30 16:45:34,207 - pipeline.run.features - INFO - Loaded prepared train data
2020-03-30 16:45:34,207 - pipeline.run.features - INFO - The loaded train data has a different len than                  given in the config. train len is {len(self.df_train)}
2020-03-30 16:45:35,561 - pipeline.run.features - INFO - Scaling Features
2020-03-30 16:45:35,593 - pipeline.run - INFO - Fit models
2020-03-30 16:49:44,879 - pipeline.run - INFO - Data handling
2020-03-30 16:49:44,880 - pipeline.run - INFO - Loading prepared data
2020-03-30 16:49:45,108 - pipeline.run.features - INFO - Loaded prepared train data
2020-03-30 16:49:45,108 - pipeline.run.features - INFO - The loaded train data has a different len than                  given in the config. train len is {len(self.df_train)}
2020-03-30 16:49:46,474 - pipeline.run.features - INFO - Scaling Features
2020-03-30 16:49:46,506 - pipeline.run - INFO - Fit models
2020-03-30 16:49:50,217 - pipeline.run - INFO - Decision Tree | Score: 0.4066505441354293
2020-03-30 16:54:10,647 - pipeline.run - INFO - Data handling
2020-03-30 16:54:10,647 - pipeline.run - INFO - Loading prepared data
2020-03-30 16:54:10,860 - pipeline.run.features - INFO - Loaded prepared train data
2020-03-30 16:54:10,860 - pipeline.run.features - INFO - The loaded train data has a different len than                  given in the config. train len is {len(self.df_train)}
2020-03-30 16:54:12,206 - pipeline.run.features - INFO - Scaling Features
2020-03-30 16:54:12,236 - pipeline.run - INFO - Fit models
2020-03-30 16:54:15,840 - pipeline.run - INFO - Decision Tree | Score: 0.4066505441354293
2020-03-30 17:05:26,504 - pipeline.run - INFO - XGB | Score: 0.3902055622732769
2020-03-30 17:10:17,443 - pipeline.run - INFO - Data handling
2020-03-30 17:10:17,444 - pipeline.run - INFO - Loading prepared data
2020-03-30 17:10:17,660 - pipeline.run.features - INFO - Loaded prepared train data
2020-03-30 17:10:17,661 - pipeline.run.features - INFO - The loaded train data has a different len than                  given in the config. train len is {len(self.df_train)}
2020-03-30 17:10:19,070 - pipeline.run.features - INFO - Scaling Features
2020-03-30 17:10:19,102 - pipeline.run - INFO - Fit models
2020-03-30 17:10:22,748 - pipeline.run - INFO - Decision Tree | Score: 0.4066505441354293
2020-03-30 17:10:40,982 - pipeline.run - INFO - Random Forest | Score: 0.4729141475211608
2020-03-30 17:14:35,689 - pipeline.run - INFO - NeuralNetwork | Score: 0.39262394195888756
2020-03-30 17:56:52,536 - pipeline.run - INFO - XGB Boost | Score: 0.5465538089480046
2020-03-30 17:58:30,389 - pipeline.run - INFO - Data handling
2020-03-30 17:58:30,390 - pipeline.run - INFO - Loading and preparing data
2020-03-30 17:58:30,390 - pipeline.run.data - INFO - Data already loaded
2020-03-30 17:58:30,390 - pipeline.run.data - INFO - Loading data into memory / dataframe
2020-03-30 17:58:32,086 - pipeline.run.data - INFO - Writing sample files...
2020-03-30 17:58:36,039 - pipeline.run.data - INFO - Finished writing sample files...
2020-03-30 17:58:36,039 - pipeline.run.data - INFO - Finished loading data into memory / dataframe
2020-03-30 18:02:13,387 - pipeline.run - INFO - Data handling
2020-03-30 18:02:13,387 - pipeline.run - INFO - Loading and preparing data
2020-03-30 18:02:13,388 - pipeline.run.data - INFO - Data already loaded
2020-03-30 18:02:13,388 - pipeline.run.data - INFO - Loading data into memory / dataframe
2020-03-30 18:02:15,037 - pipeline.run.data - INFO - Writing sample files...
2020-03-30 18:02:19,054 - pipeline.run.data - INFO - Finished writing sample files...
2020-03-30 18:02:19,054 - pipeline.run.data - INFO - Finished loading data into memory / dataframe
2020-03-30 18:52:26,210 - pipeline.run.features - INFO - Dropped 183331 rows which did not                represent a booking in df train.
2020-03-30 18:52:30,253 - pipeline.run.features - INFO - Scaling Features
2020-03-30 18:52:30,307 - pipeline.run - INFO - Fit models
2020-03-30 18:52:34,250 - pipeline.run - INFO - Decision Tree | Score: 0.4200013462654004
2020-03-30 18:52:53,071 - pipeline.run - INFO - Random Forest | Score: 0.4976906328905236
2020-03-30 18:56:16,091 - pipeline.run - INFO - NeuralNetwork | Score: 0.4151412561772074
2020-03-30 19:43:49,695 - pipeline.run - INFO - XGB Boost | Score: 0.5507824627693724
2020-03-30 21:42:27,997 - pipeline.run - INFO - Data handling
2020-03-30 21:42:27,998 - pipeline.run - INFO - Loading prepared data
2020-03-30 21:42:28,346 - pipeline.run.features - INFO - Loaded prepared train data
2020-03-30 21:42:28,347 - pipeline.run.features - INFO - The loaded train data has a different len than                  given in the config. train len is {len(self.df_train)}
2020-03-30 21:42:59,198 - pipeline.run - INFO - Data handling
2020-03-30 21:42:59,198 - pipeline.run - INFO - Loading prepared data
2020-03-30 21:42:59,542 - pipeline.run.features - INFO - Loaded prepared train data
2020-03-30 21:42:59,542 - pipeline.run.features - INFO - The loaded train data has a different len than                  given in the config. train len is {len(self.df_train)}
2020-03-30 21:43:26,520 - pipeline.run - INFO - Data handling
2020-03-30 21:43:26,520 - pipeline.run - INFO - Loading prepared data
2020-03-30 21:43:26,850 - pipeline.run.features - INFO - Loaded prepared train data
2020-03-30 21:43:26,850 - pipeline.run.features - INFO - The loaded train data has a different len than                  given in the config. train len is {len(self.df_train)}
2020-03-30 21:44:46,527 - pipeline.run - INFO - Data handling
2020-03-30 21:44:46,528 - pipeline.run - INFO - Loading prepared data
2020-03-30 21:44:46,878 - pipeline.run.features - INFO - Loaded prepared train data
2020-03-30 21:44:46,879 - pipeline.run.features - INFO - The loaded train data has a different len than                  given in the config. train len is {len(self.df_train)}
2020-03-30 21:46:25,609 - pipeline.run - INFO - Data handling
2020-03-30 21:46:25,609 - pipeline.run - INFO - Loading prepared data
2020-03-30 21:46:25,948 - pipeline.run.features - INFO - Loaded prepared train data
2020-03-30 21:46:25,948 - pipeline.run.features - INFO - The loaded train data has a different len than                  given in the config. train len is {len(self.df_train)}
2020-03-30 21:47:36,130 - pipeline.run - INFO - Data handling
2020-03-30 21:47:36,131 - pipeline.run - INFO - Loading prepared data
2020-03-30 21:47:36,474 - pipeline.run.features - INFO - Loaded prepared train data
2020-03-30 21:47:36,475 - pipeline.run.features - INFO - The loaded train data has a different len than                  given in the config. train len is {len(self.df_train)}
2020-03-30 21:47:38,048 - pipeline.run.features - INFO - Scaling Features
2020-03-30 21:47:38,122 - pipeline.run - INFO - Fit models
2020-03-30 21:50:41,487 - pipeline.run - INFO - Data handling
2020-03-30 21:50:41,488 - pipeline.run - INFO - Loading prepared data
2020-03-30 21:50:41,822 - pipeline.run.features - INFO - Loaded prepared train data
2020-03-30 21:50:41,822 - pipeline.run.features - INFO - The loaded train data has a different len than                  given in the config. train len is {len(self.df_train)}
2020-03-30 21:50:43,404 - pipeline.run.features - INFO - Scaling Features
2020-03-30 21:50:43,474 - pipeline.run - INFO - Fit models
2020-03-30 21:58:42,244 - pipeline.run - INFO - Data handling
2020-03-30 21:58:42,244 - pipeline.run - INFO - Loading prepared data
2020-03-30 21:58:42,587 - pipeline.run.features - INFO - Loaded prepared train data
2020-03-30 21:58:42,587 - pipeline.run.features - INFO - The loaded train data has a different len than                  given in the config. train len is {len(self.df_train)}
2020-03-30 21:59:45,075 - pipeline.run - INFO - Data handling
2020-03-30 21:59:45,075 - pipeline.run - INFO - Loading prepared data
2020-03-30 21:59:45,412 - pipeline.run.features - INFO - Loaded prepared train data
2020-03-30 21:59:45,412 - pipeline.run.features - INFO - The loaded train data has a different len than                  given in the config. train len is {len(self.df_train)}
2020-03-30 21:59:47,142 - pipeline.run.features - INFO - Scaling Features
2020-03-30 21:59:47,218 - pipeline.run - INFO - Fit models
2020-03-30 22:01:14,073 - pipeline.run - INFO - Data handling
2020-03-30 22:01:14,073 - pipeline.run - INFO - Loading prepared data
2020-03-30 22:01:14,401 - pipeline.run.features - INFO - Loaded prepared train data
2020-03-30 22:01:14,401 - pipeline.run.features - INFO - The loaded train data has a different len than                  given in the config. train len is {len(self.df_train)}
2020-03-30 22:01:16,687 - pipeline.run.features - INFO - Scaling Features
2020-03-30 22:01:16,756 - pipeline.run - INFO - Fit models
2020-03-30 22:01:50,219 - pipeline.run - INFO - Data handling
2020-03-30 22:01:50,220 - pipeline.run - INFO - Loading prepared data
2020-03-30 22:01:50,543 - pipeline.run.features - INFO - Loaded prepared train data
2020-03-30 22:01:50,543 - pipeline.run.features - INFO - The loaded train data has a different len than                  given in the config. train len is {len(self.df_train)}
2020-03-30 22:01:53,136 - pipeline.run.features - INFO - Scaling Features
2020-03-30 22:01:53,207 - pipeline.run - INFO - Fit models
